<?xml version="1.0" encoding="UTF-8"?>
<!-- Generated by org.testng.reporters.JUnitReportReporter -->
<testsuite hostname="YUVARAJ_UV" failures="0" tests="3" name="com.Tests.RegisterTest" time="21.050" errors="0" timestamp="2025-03-26T12:46:59 IST" skipped="0">
  <testcase classname="com.Tests.RegisterTest" name="Register" time="6.609"/>
  <testcase classname="com.Tests.RegisterTest" name="Register" time="7.193"/>
  <testcase classname="com.Tests.RegisterTest" name="Register" time="7.248"/>
</testsuite> <!-- com.Tests.RegisterTest -->
