<?xml version="1.0" encoding="UTF-8"?>
<!-- Generated by org.testng.reporters.JUnitReportReporter -->
<testsuite hostname="YUVARAJ_UV" failures="0" tests="1" name="com.Tests.HomeTest" time="4.392" errors="0" timestamp="2025-03-26T12:46:59 IST" skipped="0">
  <testcase classname="com.Tests.HomeTest" name="loginTest" time="4.392"/>
</testsuite> <!-- com.Tests.HomeTest -->
