<?xml version="1.0" encoding="UTF-8"?>
<!-- Generated by org.testng.reporters.JUnitReportReporter -->
<testsuite hostname="YUVARAJ_UV" failures="0" tests="1" name="com.Tests.HomeTest" time="9.011" errors="0" timestamp="2025-03-26T12:26:23 IST" skipped="0">
  <testcase classname="com.Tests.HomeTest" name="loginTest" time="9.011"/>
</testsuite> <!-- com.Tests.HomeTest -->
